{"C:\\Users\\vitor\\Documents\\learning\\learning-vite\\src\\components\\Heading\\index.tsx": {"path":"C:\\Users\\vitor\\Documents\\learning\\learning-vite\\src\\components\\Heading\\index.tsx","all":false,"statementMap":{"0":{"start":{"line":1,"column":0},"end":{"line":1,"column":42}},"1":{"start":{"line":2,"column":0},"end":{"line":2,"column":0}},"2":{"start":{"line":3,"column":0},"end":{"line":3,"column":66}},"3":{"start":{"line":4,"column":0},"end":{"line":4,"column":12}},"4":{"start":{"line":5,"column":0},"end":{"line":5,"column":27}},"5":{"start":{"line":6,"column":0},"end":{"line":6,"column":5}},"6":{"start":{"line":7,"column":0},"end":{"line":7,"column":1}}},"s":{"0":1,"1":1,"2":1,"3":1,"4":1,"5":1,"6":1},"branchMap":{"0":{"type":"branch","line":3,"loc":{"start":{"line":3,"column":15},"end":{"line":7,"column":1}},"locations":[{"start":{"line":3,"column":15},"end":{"line":7,"column":1}}]}},"b":{"0":[1]},"fnMap":{"0":{"name":"Heading","decl":{"start":{"line":3,"column":15},"end":{"line":7,"column":1}},"loc":{"start":{"line":3,"column":15},"end":{"line":7,"column":1}},"line":3}},"f":{"0":1}}
}
