{"C:\\Users\\vitor\\Documents\\learning\\learning-vite\\src\\sum.ts": {"path":"C:\\Users\\vitor\\Documents\\learning\\learning-vite\\src\\sum.ts","all":false,"statementMap":{"0":{"start":{"line":1,"column":0},"end":{"line":1,"column":51}},"1":{"start":{"line":2,"column":0},"end":{"line":2,"column":18}},"2":{"start":{"line":3,"column":0},"end":{"line":3,"column":54}},"3":{"start":{"line":4,"column":0},"end":{"line":4,"column":2}}},"s":{"0":1,"1":3,"2":3,"3":3},"branchMap":{"0":{"type":"branch","line":1,"loc":{"start":{"line":1,"column":50},"end":{"line":4,"column":2}},"locations":[{"start":{"line":1,"column":50},"end":{"line":4,"column":2}}]},"1":{"type":"branch","line":3,"loc":{"start":{"line":3,"column":16},"end":{"line":3,"column":51}},"locations":[{"start":{"line":3,"column":16},"end":{"line":3,"column":51}}]}},"b":{"0":[3],"1":[4]},"fnMap":{"0":{"name":"sum","decl":{"start":{"line":1,"column":50},"end":{"line":4,"column":2}},"loc":{"start":{"line":1,"column":50},"end":{"line":4,"column":2}},"line":1}},"f":{"0":3}}
}
